https://www.youtube.com/channel/UCSZYfZhpHUnpGGdgUhiYEEw  天文

https://www.youtube.com/user/jon4lakers/videos    [该频道主要是介绍电子产品，目前已经录制了1000多个视频内容，它涵盖了手机、汽车、电脑、游戏、软件等内容，一切围绕高科技为主题。]


https://www.youtube.com/channel/UCiDF_uaU1V00dAc8ddKvNxA


https://www.youtube.com/playlist?list=PL3ZQ5CpNulQldOL3T8g8k1mgWWysJfE9w [焦点新闻]
 
https://www.youtube.com/playlist?list=PLrEnWoR732-BHrPp_Pm8_VleD68f9s14- [当前热门]
  
https://www.youtube.com/user/Computerphile    【代码编程方面】

 
 
https://www.youtube.com/channel/UCBR8-60-B28hp2BmDPdntcQ



再抓2个B站栏目的视频



一个youtube渠道下面可能是有多个视频， 或者是有多个播放列表








焦点新闻:

https://www.youtube.com/playlist?list=PL3ZQ5CpNulQldOL3T8g8k1mgWWysJfE9w [焦点新闻]
 
https://www.youtube.com/playlist?list=PLrEnWoR732-BHrPp_Pm8_VleD68f9s14- [当前热门]



天文地理:

  天文地理: https://www.youtube.com/channel/UCeiYXex_fwgYDonaTcSIk6w  [***]   [对地理、地质、天文有]
  天文，空间站: https://www.youtube.com/channel/UCbRTUq5LGqbn4ngTTi9AnMQ   [天文还有空间实验感兴趣的伙伴]
  https://www.youtube.com/channel/UCLA_DiR1FfKNvjuUpBHmylQ [NASA]
  https://www.youtube.com/channel/UC4i3GLAG0G9IH-VT9GxOmrQ [UFO]





科学世界:   
 
   科学发展的历程: https://www.youtube.com/channel/UCZYTClx2T1of7BRZ86-8fow    [***]     [SciShow]

   科技评测 : https://www.youtube.com/channel/UCXuqSBlHAE6Xw-yeJA0Tunw         [***]      [Linus Tech Tips]

   科技创新: https://www.youtube.com/channel/UC4QZ_LsYcvcq7qOsOhpAX4A          [***]      [ColdFusion]    

   科学小视频:  https://www.youtube.com/channel/UCBa659QWEk1AI4Tg--mrJ2A       [***]      [Tom Scott]
 
 

 电子课堂:
    电子产品 ： https://www.youtube.com/channel/UCR0AnNR7sViH3TWMJl5jyxw      [***]      [TechnoBuffalo]
    生活小课堂: https://www.youtube.com/channel/UCC552Sd-3nyi_tk2BudLUzA      [***]      [AsapSCIENCE]
    计算机硬件相关：https://www.youtube.com/channel/UCXGgrKt94gR6lmN4aN3mYTg  [***]    [Austin Evans ]
    技术-创新主题： https://www.youtube.com/channel/UCiDF_uaU1V00dAc8ddKvNxA   [***]

 

程序猿
   https://www.youtube.com/user/Computerphile
   https://www.youtube.com/channel/UC8uT9cgJorJPWu7ITLGo9Ww
   https://www.youtube.com/channel/UC9-y-6csu5WGm29I7JiwpnA
   https://www.youtube.com/playlist?list=PLjwWT1Xy3c4XRTEK79UXmtkUT-jsP4rUP  [成功程序猿的心态]



   https://www.youtube.com/channel/UCFxdcuY-S6yjZGq_2cjilHg







 B站周排行榜
